<?xml version="1.0" encoding="UTF-8"?>
<!-- Generated by org.testng.reporters.JUnitXMLReporter -->
<testsuite ignored="0" hostname="DESKTOP-4182FMS" failures="0" tests="26" name="Default test" time="21.589" errors="0" timestamp="2024-02-17T10:07:04 IST">
  <testcase classname="Test.TestCases" name="testCase1" time="0.02"/>
  <testcase classname="Test.TestCases" name="testCase2" time="0.003"/>
  <testcase classname="Test.TestCases" name="testCase3" time="0.003"/>
  <testcase classname="Test.TestCases" name="testCase4" time="0.008"/>
  <testcase classname="Test.TestCases" name="testCase5" time="0.006"/>
  <testcase classname="Test.TestCases" name="testCase6" time="0.003"/>
  <testcase classname="Test.TestCases" name="testCase7" time="0.009"/>
  <testcase classname="Test.TestCases" name="testCase8" time="0.003"/>
  <testcase classname="Test.TestCases" name="testCase9" time="0.003"/>
  <testcase classname="Test.TestCases" name="testCase10" time="0.006"/>
  <testcase classname="Test.TestCases" name="testCase11" time="0.006"/>
  <testcase classname="Test.TestCases" name="testCase12" time="0.004"/>
  <testcase classname="Test.TestCases" name="testCase13" time="0.005"/>
  <testcase classname="Test.TestCases" name="testCase14" time="0.002"/>
  <testcase classname="Test.TestCases" name="testCase15" time="0.01"/>
  <testcase classname="Test.TestCases" name="testCase16" time="0.003"/>
  <testcase classname="Test.TestCases" name="testCase17" time="0.001"/>
  <testcase classname="Test.TestCases" name="testCase18" time="0.001"/>
  <testcase classname="Test.TestCases" name="testCase19" time="0.002"/>
  <testcase classname="Test.TestCases" name="testCase20" time="0.003"/>
  <testcase classname="Test.TestCases" name="testCase21" time="0.003"/>
  <testcase classname="Test.TestCases" name="testCase22" time="0.002"/>
  <testcase classname="Test.TestCases" name="testCase23" time="0.002"/>
  <testcase classname="Test.TestCases" name="testCase24" time="0.002"/>
  <testcase classname="Test.TestCases" name="testcase25" time="7.51"/>
  <testcase classname="Test.TestCases" name="testCase26" time="7.344"/>
</testsuite> <!-- Default test -->
