<?xml version="1.0" encoding="UTF-8"?>
<testng-results ignored="0" total="26" passed="26" failed="0" skipped="0">
  <reporter-output>
  </reporter-output>
  <suite started-at="2024-02-17T10:06:42 IST" name="Default suite" finished-at="2024-02-17T10:07:04 IST" duration-ms="21589">
    <groups>
    </groups>
    <test started-at="2024-02-17T10:06:42 IST" name="Default test" finished-at="2024-02-17T10:07:04 IST" duration-ms="21589">
      <class name="Test.TestCases">
        <test-method is-config="true" signature="beforeTest()[pri:0, instance:Test.TestCases@45099dd3]" started-at="2024-02-17T10:06:42 IST" name="beforeTest" finished-at="2024-02-17T10:06:49 IST" duration-ms="6269" status="PASS">
          <reporter-output>
          </reporter-output>
        </test-method> <!-- beforeTest -->
        <test-method signature="testCase1()[pri:0, instance:Test.TestCases@45099dd3]" started-at="2024-02-17T10:06:49 IST" name="testCase1" finished-at="2024-02-17T10:06:49 IST" duration-ms="20" status="PASS">
          <reporter-output>
          </reporter-output>
        </test-method> <!-- testCase1 -->
        <test-method signature="testCase2()[pri:1, instance:Test.TestCases@45099dd3]" started-at="2024-02-17T10:06:49 IST" name="testCase2" finished-at="2024-02-17T10:06:49 IST" duration-ms="3" status="PASS">
          <reporter-output>
          </reporter-output>
        </test-method> <!-- testCase2 -->
        <test-method signature="testCase3()[pri:2, instance:Test.TestCases@45099dd3]" started-at="2024-02-17T10:06:49 IST" name="testCase3" finished-at="2024-02-17T10:06:49 IST" duration-ms="3" status="PASS">
          <reporter-output>
          </reporter-output>
        </test-method> <!-- testCase3 -->
        <test-method signature="testCase4()[pri:3, instance:Test.TestCases@45099dd3]" started-at="2024-02-17T10:06:49 IST" name="testCase4" finished-at="2024-02-17T10:06:49 IST" duration-ms="8" status="PASS">
          <reporter-output>
          </reporter-output>
        </test-method> <!-- testCase4 -->
        <test-method signature="testCase5()[pri:4, instance:Test.TestCases@45099dd3]" started-at="2024-02-17T10:06:49 IST" name="testCase5" finished-at="2024-02-17T10:06:49 IST" duration-ms="6" status="PASS">
          <reporter-output>
          </reporter-output>
        </test-method> <!-- testCase5 -->
        <test-method signature="testCase6()[pri:5, instance:Test.TestCases@45099dd3]" started-at="2024-02-17T10:06:49 IST" name="testCase6" finished-at="2024-02-17T10:06:49 IST" duration-ms="3" status="PASS">
          <reporter-output>
          </reporter-output>
        </test-method> <!-- testCase6 -->
        <test-method signature="testCase7()[pri:6, instance:Test.TestCases@45099dd3]" started-at="2024-02-17T10:06:49 IST" name="testCase7" finished-at="2024-02-17T10:06:49 IST" duration-ms="9" status="PASS">
          <reporter-output>
          </reporter-output>
        </test-method> <!-- testCase7 -->
        <test-method signature="testCase8()[pri:7, instance:Test.TestCases@45099dd3]" started-at="2024-02-17T10:06:49 IST" name="testCase8" finished-at="2024-02-17T10:06:49 IST" duration-ms="3" status="PASS">
          <reporter-output>
          </reporter-output>
        </test-method> <!-- testCase8 -->
        <test-method signature="testCase9()[pri:8, instance:Test.TestCases@45099dd3]" started-at="2024-02-17T10:06:49 IST" name="testCase9" finished-at="2024-02-17T10:06:49 IST" duration-ms="3" status="PASS">
          <reporter-output>
          </reporter-output>
        </test-method> <!-- testCase9 -->
        <test-method signature="testCase10()[pri:9, instance:Test.TestCases@45099dd3]" started-at="2024-02-17T10:06:49 IST" name="testCase10" finished-at="2024-02-17T10:06:49 IST" duration-ms="6" status="PASS">
          <reporter-output>
          </reporter-output>
        </test-method> <!-- testCase10 -->
        <test-method signature="testCase11()[pri:10, instance:Test.TestCases@45099dd3]" started-at="2024-02-17T10:06:49 IST" name="testCase11" finished-at="2024-02-17T10:06:49 IST" duration-ms="6" status="PASS">
          <reporter-output>
          </reporter-output>
        </test-method> <!-- testCase11 -->
        <test-method signature="testCase12()[pri:11, instance:Test.TestCases@45099dd3]" started-at="2024-02-17T10:06:49 IST" name="testCase12" finished-at="2024-02-17T10:06:49 IST" duration-ms="4" status="PASS">
          <reporter-output>
          </reporter-output>
        </test-method> <!-- testCase12 -->
        <test-method signature="testCase13()[pri:12, instance:Test.TestCases@45099dd3]" started-at="2024-02-17T10:06:49 IST" name="testCase13" finished-at="2024-02-17T10:06:49 IST" duration-ms="5" status="PASS">
          <reporter-output>
          </reporter-output>
        </test-method> <!-- testCase13 -->
        <test-method signature="testCase14()[pri:13, instance:Test.TestCases@45099dd3]" started-at="2024-02-17T10:06:49 IST" name="testCase14" finished-at="2024-02-17T10:06:49 IST" duration-ms="2" status="PASS">
          <reporter-output>
          </reporter-output>
        </test-method> <!-- testCase14 -->
        <test-method signature="testCase15()[pri:14, instance:Test.TestCases@45099dd3]" started-at="2024-02-17T10:06:49 IST" name="testCase15" finished-at="2024-02-17T10:06:49 IST" duration-ms="10" status="PASS">
          <reporter-output>
          </reporter-output>
        </test-method> <!-- testCase15 -->
        <test-method signature="testCase16()[pri:15, instance:Test.TestCases@45099dd3]" started-at="2024-02-17T10:06:49 IST" name="testCase16" finished-at="2024-02-17T10:06:49 IST" duration-ms="3" status="PASS">
          <reporter-output>
          </reporter-output>
        </test-method> <!-- testCase16 -->
        <test-method signature="testCase17()[pri:16, instance:Test.TestCases@45099dd3]" started-at="2024-02-17T10:06:49 IST" name="testCase17" finished-at="2024-02-17T10:06:49 IST" duration-ms="1" status="PASS">
          <reporter-output>
          </reporter-output>
        </test-method> <!-- testCase17 -->
        <test-method signature="testCase18()[pri:17, instance:Test.TestCases@45099dd3]" started-at="2024-02-17T10:06:49 IST" name="testCase18" finished-at="2024-02-17T10:06:49 IST" duration-ms="1" status="PASS">
          <reporter-output>
          </reporter-output>
        </test-method> <!-- testCase18 -->
        <test-method signature="testCase19()[pri:18, instance:Test.TestCases@45099dd3]" started-at="2024-02-17T10:06:49 IST" name="testCase19" finished-at="2024-02-17T10:06:49 IST" duration-ms="2" status="PASS">
          <reporter-output>
          </reporter-output>
        </test-method> <!-- testCase19 -->
        <test-method signature="testCase20()[pri:19, instance:Test.TestCases@45099dd3]" started-at="2024-02-17T10:06:49 IST" name="testCase20" finished-at="2024-02-17T10:06:49 IST" duration-ms="3" status="PASS">
          <reporter-output>
          </reporter-output>
        </test-method> <!-- testCase20 -->
        <test-method signature="testCase21()[pri:20, instance:Test.TestCases@45099dd3]" started-at="2024-02-17T10:06:49 IST" name="testCase21" finished-at="2024-02-17T10:06:49 IST" duration-ms="3" status="PASS">
          <reporter-output>
          </reporter-output>
        </test-method> <!-- testCase21 -->
        <test-method signature="testCase22()[pri:21, instance:Test.TestCases@45099dd3]" started-at="2024-02-17T10:06:49 IST" name="testCase22" finished-at="2024-02-17T10:06:49 IST" duration-ms="2" status="PASS">
          <reporter-output>
          </reporter-output>
        </test-method> <!-- testCase22 -->
        <test-method signature="testCase23()[pri:22, instance:Test.TestCases@45099dd3]" started-at="2024-02-17T10:06:49 IST" name="testCase23" finished-at="2024-02-17T10:06:49 IST" duration-ms="2" status="PASS">
          <reporter-output>
          </reporter-output>
        </test-method> <!-- testCase23 -->
        <test-method signature="testCase24()[pri:23, instance:Test.TestCases@45099dd3]" started-at="2024-02-17T10:06:49 IST" name="testCase24" finished-at="2024-02-17T10:06:49 IST" duration-ms="2" status="PASS">
          <reporter-output>
          </reporter-output>
        </test-method> <!-- testCase24 -->
        <test-method signature="testcase25()[pri:24, instance:Test.TestCases@45099dd3]" started-at="2024-02-17T10:06:49 IST" name="testcase25" finished-at="2024-02-17T10:06:56 IST" duration-ms="7510" status="PASS">
          <reporter-output>
          </reporter-output>
        </test-method> <!-- testcase25 -->
        <test-method signature="testCase26()[pri:25, instance:Test.TestCases@45099dd3]" started-at="2024-02-17T10:06:56 IST" name="testCase26" finished-at="2024-02-17T10:07:04 IST" duration-ms="7344" status="PASS">
          <reporter-output>
          </reporter-output>
        </test-method> <!-- testCase26 -->
        <test-method is-config="true" signature="afterTest()[pri:0, instance:Test.TestCases@45099dd3]" started-at="2024-02-17T10:07:04 IST" name="afterTest" finished-at="2024-02-17T10:07:04 IST" duration-ms="154" status="PASS">
          <reporter-output>
          </reporter-output>
        </test-method> <!-- afterTest -->
      </class> <!-- Test.TestCases -->
    </test> <!-- Default test -->
  </suite> <!-- Default suite -->
</testng-results>
